This is pdfTeX, Version 3.141592653-2.6-1.40.25 (TeX Live 2023/Debian) (preloaded format=pdflatex 2025.10.21)  26 JAN 2026 01:11
entering extended mode
 restricted \write18 enabled.
 %&-line parsing enabled.
**mcot.tex
(./mcot.tex
LaTeX2e <2023-11-01> patch level 1
L3 programming layer <2024-01-22>
(/usr/share/texlive/texmf-dist/tex/latex/base/article.cls
Document Class: article 2023/05/17 v1.4n Standard LaTeX document class
(/usr/share/texlive/texmf-dist/tex/latex/base/size12.clo
File: size12.clo 2023/05/17 v1.4n Standard LaTeX file (size option)
)
\c@part=\count187
\c@section=\count188
\c@subsection=\count189
\c@subsubsection=\count190
\c@paragraph=\count191
\c@subparagraph=\count192
\c@figure=\count193
\c@table=\count194
\abovecaptionskip=\skip48
\belowcaptionskip=\skip49
\bibindent=\dimen140
)
(/usr/share/texlive/texmf-dist/tex/generic/e-french/french.sty
(/usr/share/texlive/texmf-dist/tex/latex/msg/msg.sty
\@inputmsg=\read2
Package: msg 2019/01/01 chargement de l'extension de localisation (V0.51).
)
Package: french 2019/09/06 The e-french package /V6,11/


-29- ***Attention*** : le moteur TeX en utilisation avec des fontes CM 
    (comme dans ce format TeX) est insuffisant pour la c\'esure 
    des mots accentu\'es (comme en fran\c cais).
\@FrDimen=\dimen141

-23- Extension : e-french V6,11 -- 6 septembre 2019 -- (B.Gaulle)
-24- french.sty utilise dans ce document le codage de fonte OT1.
-25- french.sty affiche ici ses messages en 7-bits << \`a la TeX >>.

(/usr/share/texlive/texmf-dist/tex/latex/base/latexsym.sty
Package: latexsym 1998/08/17 v2.2e Standard LaTeX package (lasy symbols)
\symlasy=\mathgroup4
LaTeX Font Info:    Overwriting symbol font `lasy' in version `bold'
(Font)                  U/lasy/m/n --> U/lasy/b/n (voir le source, ligne 52).
)
LaTeX Font Info:    Redeclaring font encoding T1 (voir le source, ligne 660).

(/usr/share/texlive/texmf-dist/tex/generic/e-french/fenglish.sty
File: fenglish.sty 2004/06/23 english interface for the french(le/pro) package
)
\eF@nonchar=\count195
)
(/usr/share/texlive/texmf-dist/tex/latex/tools/longtable.sty
Package: longtable 2023-11-01 v4.19 Multi-page Table package (DPC)
\LTleft=\skip50
\LTright=\skip51
\LTpre=\skip52
\LTpost=\skip53
\LTchunksize=\count196
\LTcapwidth=\dimen142
\LT@head=\box51
\LT@firsthead=\box52
\LT@foot=\box53
\LT@lastfoot=\box54
\LT@gbox=\box55
\LT@cols=\count197
\LT@rows=\count198
\c@LT@tables=\count199
\c@LT@chunks=\count266
\LT@p@ftn=\toks17
)
(/usr/share/texlive/texmf-dist/tex/latex/hyperref/hyperref.sty
Package: hyperref 2024-01-20 v7.01h Hypertext links for LaTeX

(/usr/share/texlive/texmf-dist/tex/generic/iftex/iftex.sty
Package: iftex 2022/02/03 v1.0f TeX engine tests
)
(/usr/share/texlive/texmf-dist/tex/latex/graphics/keyval.sty
Package: keyval 2022/05/29 v1.15 key=value parser (DPC)
\KV@toks@=\toks18
)
(/usr/share/texlive/texmf-dist/tex/latex/kvsetkeys/kvsetkeys.sty
Package: kvsetkeys 2022-10-05 v1.19 Key value parser (HO)
)
(/usr/share/texlive/texmf-dist/tex/generic/kvdefinekeys/kvdefinekeys.sty
Package: kvdefinekeys 2019-12-19 v1.6 Define keys (HO)
)
(/usr/share/texlive/texmf-dist/tex/generic/pdfescape/pdfescape.sty
Package: pdfescape 2019/12/09 v1.15 Implements pdfTeX's escape features (HO)

(/usr/share/texlive/texmf-dist/tex/generic/ltxcmds/ltxcmds.sty
Package: ltxcmds 2023-12-04 v1.26 LaTeX kernel commands for general use (HO)
)
(/usr/share/texlive/texmf-dist/tex/generic/pdftexcmds/pdftexcmds.sty
Package: pdftexcmds 2020-06-27 v0.33 Utility functions of pdfTeX for LuaTeX (HO
)

(/usr/share/texlive/texmf-dist/tex/generic/infwarerr/infwarerr.sty
Package: infwarerr 2019/12/03 v1.5 Providing info/warning/error messages (HO)
)
Package pdftexcmds Info: \pdf@primitive is available.
Package pdftexcmds Info: \pdf@ifprimitive is available.
Package pdftexcmds Info: \pdfdraftmode found.
))
(/usr/share/texlive/texmf-dist/tex/latex/hycolor/hycolor.sty
Package: hycolor 2020-01-27 v1.10 Color options for hyperref/bookmark (HO)
)
(/usr/share/texlive/texmf-dist/tex/latex/auxhook/auxhook.sty
Package: auxhook 2019-12-17 v1.6 Hooks for auxiliary files (HO)


Extension auxhook : ATTENTION, Cannot patch \document,
(auxhook)                using \AtBeginDocument instead.

) (/usr/share/texlive/texmf-dist/tex/latex/hyperref/nameref.sty
Package: nameref 2023-11-26 v2.56 Cross-referencing by name of section

(/usr/share/texlive/texmf-dist/tex/latex/refcount/refcount.sty
Package: refcount 2019/12/15 v3.6 Data extraction from label references (HO)
)
(/usr/share/texlive/texmf-dist/tex/generic/gettitlestring/gettitlestring.sty
Package: gettitlestring 2019/12/15 v1.6 Cleanup title references (HO)

(/usr/share/texlive/texmf-dist/tex/latex/kvoptions/kvoptions.sty
Package: kvoptions 2022-06-15 v3.15 Key value format for package options (HO)
))
\c@section@level=\count267
)
(/usr/share/texlive/texmf-dist/tex/latex/etoolbox/etoolbox.sty
Package: etoolbox 2020/10/05 v2.5k e-TeX tools for LaTeX (JAW)
\etb@tempcnta=\count268
)
\@linkdim=\dimen143
\Hy@linkcounter=\count269
\Hy@pagecounter=\count270

(/usr/share/texlive/texmf-dist/tex/latex/hyperref/pd1enc.def
File: pd1enc.def 2024-01-20 v7.01h Hyperref: PDFDocEncoding definition (HO)
Now handling font encoding PD1 ...
... no UTF-8 mapping file for font encoding PD1
)
(/usr/share/texlive/texmf-dist/tex/generic/intcalc/intcalc.sty
Package: intcalc 2019/12/15 v1.3 Expandable calculations with integers (HO)
)
\Hy@SavedSpaceFactor=\count271

(/usr/share/texlive/texmf-dist/tex/latex/hyperref/puenc.def
File: puenc.def 2024-01-20 v7.01h Hyperref: PDF Unicode definition (HO)
Now handling font encoding PU ...
... no UTF-8 mapping file for font encoding PU
)
Package hyperref Info: Hyper figures OFF (voir le source, ligne 4179).
Package hyperref Info: Link nesting OFF (voir le source, ligne 4184).
Package hyperref Info: Hyper index ON (voir le source, ligne 4187).
Package hyperref Info: Plain pages OFF (voir le source, ligne 4194).
Package hyperref Info: Backreferencing OFF (voir le source, ligne 4199).
Package hyperref Info: Implicit mode ON; LaTeX internals redefined.
Package hyperref Info: Bookmarks ON (voir le source, ligne 4446).
\c@Hy@tempcnt=\count272

(/usr/share/texlive/texmf-dist/tex/latex/url/url.sty
\Urlmuskip=\muskip16
Package: url 2013/09/16  ver 3.4  Verb mode for urls, etc.
)
LaTeX Info: Redefining \url (voir le source, ligne 4784).
\XeTeXLinkMargin=\dimen144

(/usr/share/texlive/texmf-dist/tex/generic/bitset/bitset.sty
Package: bitset 2019/12/09 v1.3 Handle bit-vector datatype (HO)

(/usr/share/texlive/texmf-dist/tex/generic/bigintcalc/bigintcalc.sty
Package: bigintcalc 2019/12/15 v1.5 Expandable calculations on big integers (HO
)
))
\Fld@menulength=\count273
\Field@Width=\dimen145
\Fld@charsize=\dimen146
Package hyperref Info: Hyper figures OFF (voir le source, ligne 6063).
Package hyperref Info: Link nesting OFF (voir le source, ligne 6068).
Package hyperref Info: Hyper index ON (voir le source, ligne 6071).
Package hyperref Info: backreferencing OFF (voir le source, ligne 6078).
Package hyperref Info: Link coloring OFF (voir le source, ligne 6083).
Package hyperref Info: Link coloring with OCG OFF (voir le source, ligne 6088).

Package hyperref Info: PDF/A mode OFF (voir le source, ligne 6093).

(/usr/share/texlive/texmf-dist/tex/latex/base/atbegshi-ltx.sty
Package: atbegshi-ltx 2021/01/10 v1.0c Emulation of the original atbegshi
package with kernel methods
)
\Hy@abspage=\count274
\c@Item=\count275
\c@Hfootnote=\count276
)
Package hyperref Info: Driver (autodetected): hpdftex.

(/usr/share/texlive/texmf-dist/tex/latex/hyperref/hpdftex.def
File: hpdftex.def 2024-01-20 v7.01h Hyperref driver for pdfTeX

(/usr/share/texlive/texmf-dist/tex/latex/base/atveryend-ltx.sty
Package: atveryend-ltx 2020/08/19 v1.0a Emulation of the original atveryend pac
kage
with kernel methods
)
\Fld@listcount=\count277
\c@bookmark@seq@number=\count278

(/usr/share/texlive/texmf-dist/tex/latex/rerunfilecheck/rerunfilecheck.sty
Package: rerunfilecheck 2022-07-10 v1.10 Rerun checks for auxiliary files (HO)

(/usr/share/texlive/texmf-dist/tex/generic/uniquecounter/uniquecounter.sty
Package: uniquecounter 2019/12/15 v1.4 Provide unlimited unique counter (HO)
)
Package uniquecounter Info: New unique counter `rerunfilecheck' (voir le source
, ligne 285).
)
\Hy@SectionHShift=\skip54
)
(/usr/share/texlive/texmf-dist/tex/latex/endnotes/endnotes.sty
Package: endnotes 2020-01-02 endnotes package
\c@endnote=\count279
\endnotesep=\dimen147
\@enotes=\write3
)
(/usr/share/texlive/texmf-dist/tex/latex/l3backend/l3backend-pdftex.def
File: l3backend-pdftex.def 2024-01-04 L3 backend support: PDF output (pdfTeX)
\l__color_backend_stack_int=\count280
\l__pdf_internal_box=\box56
)
(./mcot.aux)
\openout1 = `mcot.aux'.

LaTeX Font Info:    Checking defaults for OML/cmm/m/it (voir le source, ligne 1
6).
LaTeX Font Info:    ... okay (voir le source, ligne 16).
LaTeX Font Info:    Checking defaults for OMS/cmsy/m/n (voir le source, ligne 1
6).
LaTeX Font Info:    ... okay (voir le source, ligne 16).
LaTeX Font Info:    Checking defaults for OT1/cmr/m/n (voir le source, ligne 16
).
LaTeX Font Info:    ... okay (voir le source, ligne 16).
LaTeX Font Info:    Checking defaults for T1/lmr/m/n (voir le source, ligne 16)
.
LaTeX Font Info:    Trying to load font information for T1+lmr (voir le source,
 ligne 16).
 (/usr/share/texmf/tex/latex/lm/t1lmr.fd
File: t1lmr.fd 2015/05/01 v1.6.1 Font defs for Latin Modern
)
LaTeX Font Info:    ... okay (voir le source, ligne 16).
LaTeX Font Info:    Checking defaults for TS1/cmr/m/n (voir le source, ligne 16
).
LaTeX Font Info:    ... okay (voir le source, ligne 16).
LaTeX Font Info:    Checking defaults for OMX/cmex/m/n (voir le source, ligne 1
6).
LaTeX Font Info:    ... okay (voir le source, ligne 16).
LaTeX Font Info:    Checking defaults for U/cmr/m/n (voir le source, ligne 16).

LaTeX Font Info:    ... okay (voir le source, ligne 16).
LaTeX Font Info:    Checking defaults for PD1/pdf/m/n (voir le source, ligne 16
).
LaTeX Font Info:    ... okay (voir le source, ligne 16).
LaTeX Font Info:    Checking defaults for PU/pdf/m/n (voir le source, ligne 16)
.
LaTeX Font Info:    ... okay (voir le source, ligne 16).
Package hyperref Info: Link coloring OFF (voir le source, ligne 16).
 (./mcot.out) (./mcot.out)
\@outlinefile=\write4
\openout4 = `mcot.out'.

\c@chapter=\count281
\@FrCount=\count282

 french.sty : -48- Lecture du fichier de configuration de e-french (\`a la lign
e 16).
(/usr/share/texlive/texmf-dist/tex/generic/e-french/french.cfg)
LaTeX Font Info:    External font `cmex10' loaded for size
(Font)              <14.4> (voir le source, ligne 18).
LaTeX Font Info:    External font `cmex10' loaded for size
(Font)              <7> (voir le source, ligne 18).
LaTeX Font Info:    Trying to load font information for U+lasy (voir le source,
 ligne 18).

(/usr/share/texlive/texmf-dist/tex/latex/base/ulasy.fd
File: ulasy.fd 1998/08/17 v2.2e LaTeX symbol font definitions
)
LaTeX Font Info:    External font `cmex10' loaded for size
(Font)              <12> (voir le source, ligne 21).
LaTeX Font Info:    External font `cmex10' loaded for size
(Font)              <8> (voir le source, ligne 21).
LaTeX Font Info:    External font `cmex10' loaded for size
(Font)              <6> (voir le source, ligne 21).

Underfull \hbox (badness 10000) in paragraph at lines 21--22

 []

[1

{/var/lib/texmf/fonts/map/pdftex/updmap/pdftex.map}]
\openout3 = `mcot.ent'.


Overfull \hbox (3.1752pt too wide) in paragraph at lines 52--53
\OT1/cmr/m/n/12 que le Nombre de Dieu est, pour ce puzzle, 80[]. C'est la re-ch
erche de diff^^Serentes
 []

[2] (./mcot.ent
LaTeX Font Info:    External font `cmex10' loaded for size
(Font)              <5> (voir le source, ligne 2).

Overfull \hbox (7.37498pt too wide) in paragraph at lines 2--15
[][]\OT1/cmr/m/n/10 D. Kunkle, G. Cooperman, $[]$, []$\OT1/cmtt/m/n/10 http \ p
rotect \
 []


Overfull \hbox (40.49625pt too wide) in paragraph at lines 2--15
\OT1/cmtt/m/n/10 relax \ let \ let \ penalty \ @M \ hskip0 . 5 \ fontdimen2 \ f
ont = \penalty \ @M \ hskip0 . 5 \ fontdimen2 \
 []


Overfull \hbox (8.99652pt too wide) in paragraph at lines 2--15
\OT1/cmtt/m/n/10 font \ unskip \ penalty \ @M \ hskip0 . 5 \ fontdimen2 \ font 
: \ @ beginparpenalty = \ @ M \ relax /
 []


Overfull \hbox (14.24648pt too wide) in paragraph at lines 17--32
\OT1/cmtt/m/n/10 protect \ relax \ let \ let \ penalty \ @M \ hskip0 . 5 \ font
dimen2 \ font = \penalty \ @M \ hskip0 .
 []


Overfull \hbox (24.74638pt too wide) in paragraph at lines 17--32
\OT1/cmtt/m/n/10 5 \ fontdimen2 \ font \ unskip \ penalty \ @M \ hskip0 . 5 \ f
ontdimen2 \ font : \ @ beginparpenalty =
 []


Overfull \hbox (29.99634pt too wide) in paragraph at lines 34--38
\OT1/cmtt/m/n/10 font = \penalty \ @M \ hskip0 . 5 \ fontdimen2 \ font \ unskip
 \ penalty \ @M \ hskip0 . 5 \ fontdimen2 \
 []


Overfull \hbox (105.27866pt too wide) in paragraph at lines 40--59
[][]\OT1/cmr/m/n/10 A. Br^^?unggera, A. Marzettab, K. Fukudac, J. Nievergelt, $
[]$,
 []


Overfull \hbox (3.74657pt too wide) in paragraph at lines 40--59
[]$\OT1/cmtt/m/n/10 http \ protect \ relax \ let \ let \ penalty \ @M \ hskip0 
. 5 \ fontdimen2 \ font = \penalty \ @M \
 []


Overfull \hbox (61.49606pt too wide) in paragraph at lines 40--59
\OT1/cmtt/m/n/10 hskip0 . 5 \ fontdimen2 \ font \ unskip \ penalty \ @M \ hskip
0 . 5 \ fontdimen2 \ font : \ @ beginparpenalty =
 []


Overfull \hbox (255.39003pt too wide) in paragraph at lines 61--85
[][]\OT1/cmr/m/n/10 D. Hasan, A. Aladdin, H. Talabani, T. Rashid, S. Mirjalili,
 $[]$,
 []


Overfull \hbox (8.99652pt too wide) in paragraph at lines 61--85
[]$\OT1/cmtt/m/n/10 https \ protect \ relax \ let \ let \ penalty \ @M \ hskip0
 . 5 \ fontdimen2 \ font = \penalty \ @M \
 []


Overfull \hbox (61.49606pt too wide) in paragraph at lines 61--85
\OT1/cmtt/m/n/10 hskip0 . 5 \ fontdimen2 \ font \ unskip \ penalty \ @M \ hskip
0 . 5 \ fontdimen2 \ font : \ @ beginparpenalty =
 []

[3]
Overfull \hbox (14.24648pt too wide) in paragraph at lines 87--102
\OT1/cmtt/m/n/10 protect \ relax \ let \ let \ penalty \ @M \ hskip0 . 5 \ font
dimen2 \ font = \penalty \ @M \ hskip0 .
 []


Overfull \hbox (24.74638pt too wide) in paragraph at lines 87--102
\OT1/cmtt/m/n/10 5 \ fontdimen2 \ font \ unskip \ penalty \ @M \ hskip0 . 5 \ f
ontdimen2 \ font : \ @ beginparpenalty =
 []


 french.sty : -22- abr\'eviation de "moves" non trouv\'ee (\`a la ligne 115).

Overfull \hbox (8.99652pt too wide) in paragraph at lines 104--118
\OT1/cmtt/m/n/10 let \ let \ penalty \ @M \ hskip0 . 5 \ fontdimen2 \ font = \p
enalty \ @M \ hskip0 . 5 \ fontdimen2 \
 []


Overfull \hbox (8.99652pt too wide) in paragraph at lines 104--118
\OT1/cmtt/m/n/10 font \ unskip \ penalty \ @M \ hskip0 . 5 \ fontdimen2 \ font 
: \ @ beginparpenalty = \ @ M \ relax /
 []


Overfull \hbox (8.99652pt too wide) in paragraph at lines 104--118
\OT1/cmtt/m/n/10 /forum . cubeman . org / \protect \ relax \ let \ unskip \ pen
alty \ @M \ hskip0 . 5 \ fontdimen2 \
 []

) [4] (./mcot.aux)
 ***********
LaTeX2e <2023-11-01> patch level 1
L3 programming layer <2024-01-22>
 ***********
Package rerunfilecheck Info: File `mcot.out' has not changed.
(rerunfilecheck)             Checksum: D41D8CD98F00B204E9800998ECF8427E;0.
 )
(\end occurred when \ifmmode on line 117 was incomplete)
(\end occurred when \iftrue on line 117 was incomplete)
(\end occurred when \ifmmode on line 117 was incomplete)
(\end occurred when \iftrue on line 117 was incomplete)
(\end occurred when \ifmmode on line 101 was incomplete)
(\end occurred when \iftrue on line 101 was incomplete)
(\end occurred when \ifmmode on line 84 was incomplete)
(\end occurred when \iftrue on line 84 was incomplete)
(\end occurred when \ifmmode on line 58 was incomplete)
(\end occurred when \iftrue on line 58 was incomplete)
(\end occurred when \ifmmode on line 37 was incomplete)
(\end occurred when \iftrue on line 37 was incomplete)
(\end occurred when \ifmmode on line 31 was incomplete)
(\end occurred when \iftrue on line 31 was incomplete)
(\end occurred when \ifmmode on line 14 was incomplete)
(\end occurred when \iftrue on line 14 was incomplete) 
Here is how much of TeX's memory you used:
 8953 strings out of 476153
 133637 string characters out of 5794325
 1936975 words of memory out of 5000000
 30864 multiletter control sequences out of 15000+600000
 564057 words of font info for 61 fonts, out of 8000000 for 9000
 14 hyphenation exceptions out of 8191
 75i,6n,79p,935b,541s stack positions out of 10000i,1000n,20000p,200000b,200000s
</usr/share/texlive/texmf
-dist/fonts/type1/public/amsfonts/cm/cmbx12.pfb></usr/share/texlive/texmf-dist/
fonts/type1/public/amsfonts/cm/cmmi12.pfb></usr/share/texlive/texmf-dist/fonts/
type1/public/amsfonts/cm/cmr10.pfb></usr/share/texlive/texmf-dist/fonts/type1/p
ublic/amsfonts/cm/cmr12.pfb></usr/share/texlive/texmf-dist/fonts/type1/public/a
msfonts/cm/cmr17.pfb></usr/share/texlive/texmf-dist/fonts/type1/public/amsfonts
/cm/cmr7.pfb></usr/share/texlive/texmf-dist/fonts/type1/public/amsfonts/cm/cmr8
.pfb></usr/share/texlive/texmf-dist/fonts/type1/public/amsfonts/cm/cmsy10.pfb><
/usr/share/texlive/texmf-dist/fonts/type1/public/amsfonts/cm/cmti12.pfb></usr/s
hare/texlive/texmf-dist/fonts/type1/public/amsfonts/cm/cmtt10.pfb></usr/share/t
exlive/texmf-dist/fonts/type1/public/amsfonts/cm/cmtt12.pfb>
Output written on mcot.pdf (4 pages, 144818 bytes).
PDF statistics:
 124 PDF objects out of 1000 (max. 8388607)
 95 compressed objects within 1 object stream
 18 named destinations out of 1000 (max. 500000)
 1 words of extra memory for PDF output out of 10000 (max. 10000000)

